{"/Users/onotakuya/Desktop/workspace/develop/onota0318/study_react_native_app/StudyRNAppTS/src/components/android/routes.tsx": {"path":"/Users/onotakuya/Desktop/workspace/develop/onota0318/study_react_native_app/StudyRNAppTS/src/components/android/routes.tsx","statementMap":{"0":{"start":{"line":7,"column":0},"end":{"line":7,"column":26}},"1":{"start":{"line":8,"column":0},"end":{"line":8,"column":42}},"2":{"start":{"line":9,"column":0},"end":{"line":9,"column":65}},"3":{"start":{"line":10,"column":0},"end":{"line":10,"column":52}},"4":{"start":{"line":12,"column":0},"end":{"line":12,"column":null}},"5":{"start":{"line":17,"column":0},"end":{"line":17,"column":95}},"6":{"start":{"line":19,"column":0},"end":{"line":19,"column":null}},"7":{"start":{"line":24,"column":0},"end":{"line":24,"column":null}},"8":{"start":{"line":37,"column":13},"end":{"line":80,"column":3}},"9":{"start":{"line":43,"column":16},"end":{"line":43,"column":67}},"10":{"start":{"line":52,"column":16},"end":{"line":52,"column":70}},"11":{"start":{"line":61,"column":16},"end":{"line":61,"column":67}},"12":{"start":{"line":70,"column":16},"end":{"line":70,"column":66}},"13":{"start":{"line":95,"column":22},"end":{"line":102,"column":null}},"14":{"start":{"line":96,"column":4},"end":{"line":100,"column":null}},"15":{"start":{"line":108,"column":15},"end":{"line":117,"column":2}}},"fnMap":{"0":{"name":"(anonymous_2)","decl":{"start":{"line":42,"column":24},"end":{"line":42,"column":25}},"loc":{"start":{"line":43,"column":16},"end":{"line":43,"column":67}}},"1":{"name":"(anonymous_3)","decl":{"start":{"line":51,"column":24},"end":{"line":51,"column":25}},"loc":{"start":{"line":52,"column":16},"end":{"line":52,"column":70}}},"2":{"name":"(anonymous_4)","decl":{"start":{"line":60,"column":24},"end":{"line":60,"column":25}},"loc":{"start":{"line":61,"column":16},"end":{"line":61,"column":67}}},"3":{"name":"(anonymous_5)","decl":{"start":{"line":69,"column":24},"end":{"line":69,"column":25}},"loc":{"start":{"line":70,"column":16},"end":{"line":70,"column":66}}},"4":{"name":"(anonymous_6)","decl":{"start":{"line":95,"column":22},"end":{"line":95,"column":23}},"loc":{"start":{"line":96,"column":4},"end":{"line":100,"column":null}}}},"branchMap":{"0":{"loc":{"start":{"line":99,"column":14},"end":{"line":99,"column":32}},"type":"cond-expr","locations":[{"start":{"line":99,"column":14},"end":{"line":99,"column":32}},{"start":{"line":100,"column":14},"end":{"line":100,"column":34}}]}},"s":{"0":0,"1":0,"2":0,"3":0,"4":0,"5":0,"6":0,"7":0,"8":0,"9":0,"10":0,"11":0,"12":0,"13":0,"14":0,"15":0},"f":{"0":0,"1":0,"2":0,"3":0,"4":0},"b":{"0":[0,0]}}
,"/Users/onotakuya/Desktop/workspace/develop/onota0318/study_react_native_app/StudyRNAppTS/src/components/android/InputForm/TextInputParts.tsx": {"path":"/Users/onotakuya/Desktop/workspace/develop/onota0318/study_react_native_app/StudyRNAppTS/src/components/android/InputForm/TextInputParts.tsx","statementMap":{"0":{"start":{"line":8,"column":0},"end":{"line":8,"column":26}},"1":{"start":{"line":9,"column":0},"end":{"line":9,"column":53}},"2":{"start":{"line":31,"column":54},"end":{"line":39,"column":null}},"3":{"start":{"line":32,"column":4},"end":{"line":38,"column":null}},"4":{"start":{"line":45,"column":15},"end":{"line":56,"column":2}},"5":{"start":{"line":58,"column":0},"end":{"line":58,"column":30}}},"fnMap":{"0":{"name":"(anonymous_1)","decl":{"start":{"line":31,"column":54},"end":{"line":31,"column":55}},"loc":{"start":{"line":32,"column":4},"end":{"line":38,"column":null}}}},"branchMap":{},"s":{"0":2,"1":2,"2":2,"3":0,"4":2,"5":2},"f":{"0":0},"b":{}}
,"/Users/onotakuya/Desktop/workspace/develop/onota0318/study_react_native_app/StudyRNAppTS/src/components/android/InputForm/index.tsx": {"path":"/Users/onotakuya/Desktop/workspace/develop/onota0318/study_react_native_app/StudyRNAppTS/src/components/android/InputForm/index.tsx","statementMap":{"0":{"start":{"line":8,"column":0},"end":{"line":8,"column":26}},"1":{"start":{"line":9,"column":0},"end":{"line":9,"column":61}},"2":{"start":{"line":10,"column":0},"end":{"line":10,"column":52}},"3":{"start":{"line":11,"column":0},"end":{"line":11,"column":38}},"4":{"start":{"line":14,"column":0},"end":{"line":14,"column":73}},"5":{"start":{"line":15,"column":0},"end":{"line":15,"column":71}},"6":{"start":{"line":16,"column":0},"end":{"line":16,"column":79}},"7":{"start":{"line":17,"column":0},"end":{"line":17,"column":66}},"8":{"start":{"line":40,"column":11},"end":{"line":44,"column":6}},"9":{"start":{"line":116,"column":12},"end":{"line":128,"column":null}},"10":{"start":{"line":117,"column":8},"end":{"line":119,"column":null}},"11":{"start":{"line":118,"column":12},"end":{"line":118,"column":84}},"12":{"start":{"line":121,"column":8},"end":{"line":127,"column":10}},"13":{"start":{"line":53,"column":8},"end":{"line":108,"column":10}},"14":{"start":{"line":136,"column":8},"end":{"line":136,"column":30}},"15":{"start":{"line":145,"column":8},"end":{"line":145,"column":36}},"16":{"start":{"line":154,"column":8},"end":{"line":154,"column":32}},"17":{"start":{"line":161,"column":39},"end":{"line":161,"column":49}},"18":{"start":{"line":162,"column":8},"end":{"line":162,"column":50}},"19":{"start":{"line":35,"column":0},"end":{"line":35,"column":13}},"20":{"start":{"line":169,"column":15},"end":{"line":178,"column":2}},"21":{"start":{"line":184,"column":24},"end":{"line":186,"column":2}},"22":{"start":{"line":184,"column":47},"end":{"line":186,"column":2}},"23":{"start":{"line":192,"column":27},"end":{"line":202,"column":2}},"24":{"start":{"line":192,"column":52},"end":{"line":202,"column":2}},"25":{"start":{"line":200,"column":8},"end":{"line":200,"column":53}},"26":{"start":{"line":205,"column":0},"end":{"line":205,"column":71}}},"fnMap":{"0":{"name":"(anonymous_1)","decl":{"start":{"line":35,"column":0},"end":{"line":35,"column":13}},"loc":{"start":{"line":35,"column":0},"end":{"line":164,"column":1}}},"1":{"name":"(anonymous_2)","decl":{"start":{"line":116,"column":38},"end":{"line":116,"column":39}},"loc":{"start":{"line":116,"column":69},"end":{"line":128,"column":5}}},"2":{"name":"(anonymous_3)","decl":{"start":{"line":51,"column":11},"end":{"line":51,"column":17}},"loc":{"start":{"line":51,"column":17},"end":{"line":109,"column":5}}},"3":{"name":"(anonymous_4)","decl":{"start":{"line":135,"column":12},"end":{"line":135,"column":28}},"loc":{"start":{"line":135,"column":39},"end":{"line":137,"column":5}}},"4":{"name":"(anonymous_5)","decl":{"start":{"line":144,"column":12},"end":{"line":144,"column":34}},"loc":{"start":{"line":144,"column":51},"end":{"line":146,"column":5}}},"5":{"name":"(anonymous_6)","decl":{"start":{"line":153,"column":12},"end":{"line":153,"column":30}},"loc":{"start":{"line":153,"column":43},"end":{"line":155,"column":5}}},"6":{"name":"(anonymous_7)","decl":{"start":{"line":160,"column":12},"end":{"line":160,"column":26}},"loc":{"start":{"line":160,"column":26},"end":{"line":163,"column":5}}},"7":{"name":"(anonymous_8)","decl":{"start":{"line":184,"column":24},"end":{"line":184,"column":25}},"loc":{"start":{"line":184,"column":47},"end":{"line":186,"column":2}}},"8":{"name":"(anonymous_9)","decl":{"start":{"line":192,"column":27},"end":{"line":192,"column":28}},"loc":{"start":{"line":192,"column":52},"end":{"line":202,"column":2}}},"9":{"name":"(anonymous_10)","decl":{"start":{"line":199,"column":4},"end":{"line":199,"column":14}},"loc":{"start":{"line":199,"column":57},"end":{"line":201,"column":5}}}},"branchMap":{"0":{"loc":{"start":{"line":116,"column":60},"end":{"line":116,"column":65}},"type":"default-arg","locations":[{"start":{"line":116,"column":60},"end":{"line":116,"column":65}}]},"1":{"loc":{"start":{"line":117,"column":8},"end":{"line":119,"column":null}},"type":"if","locations":[{"start":{"line":117,"column":8},"end":{"line":119,"column":null}},{"start":{"line":117,"column":8},"end":{"line":119,"column":null}}]},"2":{"loc":{"start":{"line":59,"column":26},"end":{"line":59,"column":89}},"type":"cond-expr","locations":[{"start":{"line":59,"column":26},"end":{"line":59,"column":89}},{"start":{"line":60,"column":26},"end":{"line":60,"column":30}}]},"3":{"loc":{"start":{"line":58,"column":22},"end":{"line":58,"column":53}},"type":"binary-expr","locations":[{"start":{"line":58,"column":22},"end":{"line":58,"column":53}},{"start":{"line":58,"column":57},"end":{"line":58,"column":91}}]},"4":{"loc":{"start":{"line":75,"column":26},"end":{"line":75,"column":102}},"type":"cond-expr","locations":[{"start":{"line":75,"column":26},"end":{"line":75,"column":102}},{"start":{"line":76,"column":26},"end":{"line":76,"column":30}}]},"5":{"loc":{"start":{"line":74,"column":22},"end":{"line":74,"column":53}},"type":"binary-expr","locations":[{"start":{"line":74,"column":22},"end":{"line":74,"column":53}},{"start":{"line":74,"column":57},"end":{"line":74,"column":97}}]},"6":{"loc":{"start":{"line":91,"column":26},"end":{"line":91,"column":93}},"type":"cond-expr","locations":[{"start":{"line":91,"column":26},"end":{"line":91,"column":93}},{"start":{"line":92,"column":26},"end":{"line":92,"column":30}}]},"7":{"loc":{"start":{"line":90,"column":22},"end":{"line":90,"column":53}},"type":"binary-expr","locations":[{"start":{"line":90,"column":22},"end":{"line":90,"column":53}},{"start":{"line":90,"column":57},"end":{"line":90,"column":93}}]}},"s":{"0":2,"1":2,"2":2,"3":2,"4":2,"5":2,"6":2,"7":2,"8":4,"9":4,"10":8,"11":1,"12":7,"13":8,"14":0,"15":0,"16":0,"17":1,"18":1,"19":2,"20":2,"21":2,"22":0,"23":2,"24":0,"25":0,"26":2},"f":{"0":4,"1":8,"2":8,"3":0,"4":0,"5":0,"6":1,"7":0,"8":0,"9":0},"b":{"0":[6],"1":[1,7],"2":[1,7],"3":[8,1],"4":[1,7],"5":[8,1],"6":[1,7],"7":[8,1]}}
,"/Users/onotakuya/Desktop/workspace/develop/onota0318/study_react_native_app/StudyRNAppTS/src/components/android/card/FlatCardList.tsx": {"path":"/Users/onotakuya/Desktop/workspace/develop/onota0318/study_react_native_app/StudyRNAppTS/src/components/android/card/FlatCardList.tsx","statementMap":{"0":{"start":{"line":8,"column":0},"end":{"line":8,"column":26}},"1":{"start":{"line":9,"column":0},"end":{"line":9,"column":40}},"2":{"start":{"line":10,"column":0},"end":{"line":10,"column":72}},"3":{"start":{"line":22,"column":26},"end":{"line":22,"column":28}},"4":{"start":{"line":23,"column":0},"end":{"line":28,"column":null}},"5":{"start":{"line":23,"column":15},"end":{"line":23,"column":16}},"6":{"start":{"line":24,"column":4},"end":{"line":27,"column":7}},"7":{"start":{"line":35,"column":22},"end":{"line":37,"column":1}},"8":{"start":{"line":36,"column":4},"end":{"line":36,"column":220}},"9":{"start":{"line":44,"column":25},"end":{"line":49,"column":null}},"10":{"start":{"line":45,"column":4},"end":{"line":48,"column":null}},"11":{"start":{"line":57,"column":27},"end":{"line":59,"column":1}},"12":{"start":{"line":58,"column":4},"end":{"line":58,"column":37}},"13":{"start":{"line":64,"column":35},"end":{"line":77,"column":1}},"14":{"start":{"line":66,"column":4},"end":{"line":76,"column":6}},"15":{"start":{"line":79,"column":0},"end":{"line":79,"column":28}}},"fnMap":{"0":{"name":"(anonymous_1)","decl":{"start":{"line":35,"column":22},"end":{"line":35,"column":23}},"loc":{"start":{"line":35,"column":37},"end":{"line":37,"column":1}}},"1":{"name":"(anonymous_2)","decl":{"start":{"line":44,"column":25},"end":{"line":44,"column":26}},"loc":{"start":{"line":45,"column":4},"end":{"line":48,"column":null}}},"2":{"name":"(anonymous_3)","decl":{"start":{"line":57,"column":27},"end":{"line":57,"column":28}},"loc":{"start":{"line":57,"column":52},"end":{"line":59,"column":1}}},"3":{"name":"(anonymous_4)","decl":{"start":{"line":64,"column":35},"end":{"line":64,"column":38}},"loc":{"start":{"line":64,"column":40},"end":{"line":77,"column":1}}}},"branchMap":{},"s":{"0":0,"1":0,"2":0,"3":0,"4":0,"5":0,"6":0,"7":0,"8":0,"9":0,"10":0,"11":0,"12":0,"13":0,"14":0,"15":0},"f":{"0":0,"1":0,"2":0,"3":0},"b":{}}
,"/Users/onotakuya/Desktop/workspace/develop/onota0318/study_react_native_app/StudyRNAppTS/src/components/android/counter/Button.tsx": {"path":"/Users/onotakuya/Desktop/workspace/develop/onota0318/study_react_native_app/StudyRNAppTS/src/components/android/counter/Button.tsx","statementMap":{"0":{"start":{"line":7,"column":0},"end":{"line":7,"column":26}},"1":{"start":{"line":8,"column":0},"end":{"line":8,"column":43}},"2":{"start":{"line":23,"column":13},"end":{"line":33,"column":2}},"3":{"start":{"line":24,"column":4},"end":{"line":32,"column":6}}},"fnMap":{"0":{"name":"(anonymous_1)","decl":{"start":{"line":23,"column":59},"end":{"line":23,"column":60}},"loc":{"start":{"line":23,"column":89},"end":{"line":33,"column":1}}}},"branchMap":{},"s":{"0":0,"1":0,"2":0,"3":0},"f":{"0":0},"b":{}}
,"/Users/onotakuya/Desktop/workspace/develop/onota0318/study_react_native_app/StudyRNAppTS/src/components/android/counter/Value.tsx": {"path":"/Users/onotakuya/Desktop/workspace/develop/onota0318/study_react_native_app/StudyRNAppTS/src/components/android/counter/Value.tsx","statementMap":{"0":{"start":{"line":7,"column":0},"end":{"line":7,"column":26}},"1":{"start":{"line":8,"column":0},"end":{"line":8,"column":48}},"2":{"start":{"line":23,"column":13},"end":{"line":31,"column":2}},"3":{"start":{"line":24,"column":4},"end":{"line":30,"column":6}},"4":{"start":{"line":36,"column":15},"end":{"line":45,"column":2}}},"fnMap":{"0":{"name":"(anonymous_1)","decl":{"start":{"line":23,"column":57},"end":{"line":23,"column":58}},"loc":{"start":{"line":23,"column":86},"end":{"line":31,"column":1}}}},"branchMap":{"0":{"loc":{"start":{"line":27,"column":43},"end":{"line":27,"column":44}},"type":"cond-expr","locations":[{"start":{"line":27,"column":43},"end":{"line":27,"column":44}},{"start":{"line":27,"column":47},"end":{"line":27,"column":58}}]}},"s":{"0":0,"1":0,"2":0,"3":0,"4":0},"f":{"0":0},"b":{"0":[0,0]}}
,"/Users/onotakuya/Desktop/workspace/develop/onota0318/study_react_native_app/StudyRNAppTS/src/components/android/screen/CreateScreen.tsx": {"path":"/Users/onotakuya/Desktop/workspace/develop/onota0318/study_react_native_app/StudyRNAppTS/src/components/android/screen/CreateScreen.tsx","statementMap":{"0":{"start":{"line":8,"column":0},"end":{"line":8,"column":26}},"1":{"start":{"line":9,"column":0},"end":{"line":9,"column":56}},"2":{"start":{"line":12,"column":0},"end":{"line":12,"column":53}},"3":{"start":{"line":17,"column":13},"end":{"line":17,"column":40}},"4":{"start":{"line":22,"column":13},"end":{"line":26,"column":2}},"5":{"start":{"line":23,"column":4},"end":{"line":24,"column":null}},"6":{"start":{"line":31,"column":15},"end":{"line":41,"column":2}}},"fnMap":{"0":{"name":"(anonymous_1)","decl":{"start":{"line":22,"column":42},"end":{"line":22,"column":45}},"loc":{"start":{"line":23,"column":4},"end":{"line":24,"column":null}}}},"branchMap":{},"s":{"0":1,"1":1,"2":1,"3":1,"4":1,"5":0,"6":1},"f":{"0":0},"b":{}}
,"/Users/onotakuya/Desktop/workspace/develop/onota0318/study_react_native_app/StudyRNAppTS/src/components/android/screen/DeleteScreen.tsx": {"path":"/Users/onotakuya/Desktop/workspace/develop/onota0318/study_react_native_app/StudyRNAppTS/src/components/android/screen/DeleteScreen.tsx","statementMap":{"0":{"start":{"line":8,"column":0},"end":{"line":8,"column":26}},"1":{"start":{"line":10,"column":0},"end":{"line":10,"column":41}},"2":{"start":{"line":16,"column":13},"end":{"line":16,"column":40}},"3":{"start":{"line":34,"column":8},"end":{"line":42,"column":10}},"4":{"start":{"line":26,"column":0},"end":{"line":26,"column":13}}},"fnMap":{"0":{"name":"(anonymous_1)","decl":{"start":{"line":33,"column":11},"end":{"line":33,"column":17}},"loc":{"start":{"line":33,"column":17},"end":{"line":43,"column":5}}}},"branchMap":{},"s":{"0":0,"1":0,"2":0,"3":0,"4":0},"f":{"0":0},"b":{}}
,"/Users/onotakuya/Desktop/workspace/develop/onota0318/study_react_native_app/StudyRNAppTS/src/components/android/screen/UpdateScreen.tsx": {"path":"/Users/onotakuya/Desktop/workspace/develop/onota0318/study_react_native_app/StudyRNAppTS/src/components/android/screen/UpdateScreen.tsx","statementMap":{"0":{"start":{"line":8,"column":0},"end":{"line":8,"column":26}},"1":{"start":{"line":10,"column":0},"end":{"line":10,"column":41}},"2":{"start":{"line":16,"column":13},"end":{"line":16,"column":40}},"3":{"start":{"line":34,"column":8},"end":{"line":42,"column":10}},"4":{"start":{"line":26,"column":0},"end":{"line":26,"column":13}}},"fnMap":{"0":{"name":"(anonymous_1)","decl":{"start":{"line":33,"column":11},"end":{"line":33,"column":17}},"loc":{"start":{"line":33,"column":17},"end":{"line":43,"column":5}}}},"branchMap":{},"s":{"0":0,"1":0,"2":0,"3":0,"4":0},"f":{"0":0},"b":{}}
,"/Users/onotakuya/Desktop/workspace/develop/onota0318/study_react_native_app/StudyRNAppTS/src/components/common/error/ErrorBoundary.tsx": {"path":"/Users/onotakuya/Desktop/workspace/develop/onota0318/study_react_native_app/StudyRNAppTS/src/components/common/error/ErrorBoundary.tsx","statementMap":{"0":{"start":{"line":9,"column":0},"end":{"line":9,"column":26}},"1":{"start":{"line":32,"column":8},"end":{"line":32,"column":35}},"2":{"start":{"line":36,"column":0},"end":{"line":36,"column":29}}},"fnMap":{"0":{"name":"(anonymous_1)","decl":{"start":{"line":22,"column":11},"end":{"line":22,"column":28}},"loc":{"start":{"line":22,"column":69},"end":{"line":25,"column":5}}},"1":{"name":"(anonymous_2)","decl":{"start":{"line":30,"column":11},"end":{"line":30,"column":17}},"loc":{"start":{"line":30,"column":17},"end":{"line":33,"column":5}}}},"branchMap":{},"s":{"0":0,"1":0,"2":0},"f":{"0":0,"1":0},"b":{}}
,"/Users/onotakuya/Desktop/workspace/develop/onota0318/study_react_native_app/StudyRNAppTS/src/components/common/header/index.tsx": {"path":"/Users/onotakuya/Desktop/workspace/develop/onota0318/study_react_native_app/StudyRNAppTS/src/components/common/header/index.tsx","statementMap":{"0":{"start":{"line":7,"column":0},"end":{"line":7,"column":26}},"1":{"start":{"line":8,"column":0},"end":{"line":8,"column":88}},"2":{"start":{"line":20,"column":13},"end":{"line":42,"column":2}},"3":{"start":{"line":21,"column":4},"end":{"line":41,"column":6}}},"fnMap":{"0":{"name":"(anonymous_1)","decl":{"start":{"line":20,"column":54},"end":{"line":20,"column":55}},"loc":{"start":{"line":20,"column":77},"end":{"line":42,"column":1}}}},"branchMap":{"0":{"loc":{"start":{"line":26,"column":20},"end":{"line":27,"column":null}},"type":"cond-expr","locations":[{"start":{"line":26,"column":20},"end":{"line":27,"column":null}},{"start":{"line":29,"column":22},"end":{"line":29,"column":27}}]}},"s":{"0":0,"1":0,"2":0,"3":0},"f":{"0":0},"b":{"0":[0,0]}}
,"/Users/onotakuya/Desktop/workspace/develop/onota0318/study_react_native_app/StudyRNAppTS/src/components/ios/routes.tsx": {"path":"/Users/onotakuya/Desktop/workspace/develop/onota0318/study_react_native_app/StudyRNAppTS/src/components/ios/routes.tsx","statementMap":{"0":{"start":{"line":7,"column":0},"end":{"line":7,"column":26}},"1":{"start":{"line":8,"column":0},"end":{"line":8,"column":42}},"2":{"start":{"line":9,"column":0},"end":{"line":9,"column":65}},"3":{"start":{"line":10,"column":0},"end":{"line":10,"column":52}},"4":{"start":{"line":12,"column":0},"end":{"line":12,"column":null}},"5":{"start":{"line":17,"column":0},"end":{"line":17,"column":91}},"6":{"start":{"line":19,"column":0},"end":{"line":19,"column":null}},"7":{"start":{"line":24,"column":0},"end":{"line":24,"column":null}},"8":{"start":{"line":37,"column":13},"end":{"line":80,"column":3}},"9":{"start":{"line":43,"column":16},"end":{"line":43,"column":67}},"10":{"start":{"line":52,"column":16},"end":{"line":52,"column":70}},"11":{"start":{"line":61,"column":16},"end":{"line":61,"column":67}},"12":{"start":{"line":70,"column":16},"end":{"line":70,"column":66}},"13":{"start":{"line":95,"column":22},"end":{"line":102,"column":null}},"14":{"start":{"line":96,"column":4},"end":{"line":100,"column":null}},"15":{"start":{"line":108,"column":15},"end":{"line":117,"column":2}}},"fnMap":{"0":{"name":"(anonymous_2)","decl":{"start":{"line":42,"column":24},"end":{"line":42,"column":25}},"loc":{"start":{"line":43,"column":16},"end":{"line":43,"column":67}}},"1":{"name":"(anonymous_3)","decl":{"start":{"line":51,"column":24},"end":{"line":51,"column":25}},"loc":{"start":{"line":52,"column":16},"end":{"line":52,"column":70}}},"2":{"name":"(anonymous_4)","decl":{"start":{"line":60,"column":24},"end":{"line":60,"column":25}},"loc":{"start":{"line":61,"column":16},"end":{"line":61,"column":67}}},"3":{"name":"(anonymous_5)","decl":{"start":{"line":69,"column":24},"end":{"line":69,"column":25}},"loc":{"start":{"line":70,"column":16},"end":{"line":70,"column":66}}},"4":{"name":"(anonymous_6)","decl":{"start":{"line":95,"column":22},"end":{"line":95,"column":23}},"loc":{"start":{"line":96,"column":4},"end":{"line":100,"column":null}}}},"branchMap":{"0":{"loc":{"start":{"line":99,"column":14},"end":{"line":99,"column":32}},"type":"cond-expr","locations":[{"start":{"line":99,"column":14},"end":{"line":99,"column":32}},{"start":{"line":100,"column":14},"end":{"line":100,"column":34}}]}},"s":{"0":0,"1":0,"2":0,"3":0,"4":0,"5":0,"6":0,"7":0,"8":0,"9":0,"10":0,"11":0,"12":0,"13":0,"14":0,"15":0},"f":{"0":0,"1":0,"2":0,"3":0,"4":0},"b":{"0":[0,0]}}
,"/Users/onotakuya/Desktop/workspace/develop/onota0318/study_react_native_app/StudyRNAppTS/src/components/ios/InputForm/SubmitButtonParts.tsx": {"path":"/Users/onotakuya/Desktop/workspace/develop/onota0318/study_react_native_app/StudyRNAppTS/src/components/ios/InputForm/SubmitButtonParts.tsx","statementMap":{"0":{"start":{"line":8,"column":0},"end":{"line":8,"column":26}},"1":{"start":{"line":9,"column":0},"end":{"line":9,"column":42}},"2":{"start":{"line":10,"column":0},"end":{"line":10,"column":43}},"3":{"start":{"line":30,"column":60},"end":{"line":38,"column":null}},"4":{"start":{"line":31,"column":4},"end":{"line":37,"column":null}},"5":{"start":{"line":45,"column":15},"end":{"line":54,"column":2}},"6":{"start":{"line":56,"column":0},"end":{"line":56,"column":33}}},"fnMap":{"0":{"name":"(anonymous_1)","decl":{"start":{"line":30,"column":60},"end":{"line":30,"column":61}},"loc":{"start":{"line":31,"column":4},"end":{"line":37,"column":null}}}},"branchMap":{},"s":{"0":4,"1":4,"2":4,"3":4,"4":0,"5":4,"6":4},"f":{"0":0},"b":{}}
,"/Users/onotakuya/Desktop/workspace/develop/onota0318/study_react_native_app/StudyRNAppTS/src/components/ios/InputForm/TextAreaParts.tsx": {"path":"/Users/onotakuya/Desktop/workspace/develop/onota0318/study_react_native_app/StudyRNAppTS/src/components/ios/InputForm/TextAreaParts.tsx","statementMap":{"0":{"start":{"line":8,"column":0},"end":{"line":8,"column":26}},"1":{"start":{"line":9,"column":0},"end":{"line":9,"column":42}},"2":{"start":{"line":10,"column":0},"end":{"line":10,"column":39}},"3":{"start":{"line":32,"column":52},"end":{"line":41,"column":null}},"4":{"start":{"line":33,"column":4},"end":{"line":40,"column":null}},"5":{"start":{"line":47,"column":15},"end":{"line":51,"column":2}},"6":{"start":{"line":53,"column":0},"end":{"line":53,"column":29}}},"fnMap":{"0":{"name":"(anonymous_1)","decl":{"start":{"line":32,"column":52},"end":{"line":32,"column":53}},"loc":{"start":{"line":33,"column":4},"end":{"line":40,"column":null}}}},"branchMap":{},"s":{"0":4,"1":4,"2":4,"3":4,"4":0,"5":4,"6":4},"f":{"0":0},"b":{}}
,"/Users/onotakuya/Desktop/workspace/develop/onota0318/study_react_native_app/StudyRNAppTS/src/components/ios/InputForm/TextInputParts.tsx": {"path":"/Users/onotakuya/Desktop/workspace/develop/onota0318/study_react_native_app/StudyRNAppTS/src/components/ios/InputForm/TextInputParts.tsx","statementMap":{"0":{"start":{"line":8,"column":0},"end":{"line":8,"column":26}},"1":{"start":{"line":9,"column":0},"end":{"line":9,"column":53}},"2":{"start":{"line":31,"column":54},"end":{"line":38,"column":null}},"3":{"start":{"line":32,"column":4},"end":{"line":37,"column":null}},"4":{"start":{"line":44,"column":15},"end":{"line":55,"column":2}},"5":{"start":{"line":57,"column":0},"end":{"line":57,"column":30}}},"fnMap":{"0":{"name":"(anonymous_1)","decl":{"start":{"line":31,"column":54},"end":{"line":31,"column":55}},"loc":{"start":{"line":32,"column":4},"end":{"line":37,"column":null}}}},"branchMap":{},"s":{"0":2,"1":2,"2":2,"3":0,"4":2,"5":2},"f":{"0":0},"b":{}}
,"/Users/onotakuya/Desktop/workspace/develop/onota0318/study_react_native_app/StudyRNAppTS/src/components/ios/InputForm/index.tsx": {"path":"/Users/onotakuya/Desktop/workspace/develop/onota0318/study_react_native_app/StudyRNAppTS/src/components/ios/InputForm/index.tsx","statementMap":{"0":{"start":{"line":8,"column":0},"end":{"line":8,"column":26}},"1":{"start":{"line":9,"column":0},"end":{"line":9,"column":61}},"2":{"start":{"line":10,"column":0},"end":{"line":10,"column":52}},"3":{"start":{"line":11,"column":0},"end":{"line":11,"column":38}},"4":{"start":{"line":14,"column":0},"end":{"line":14,"column":69}},"5":{"start":{"line":15,"column":0},"end":{"line":15,"column":67}},"6":{"start":{"line":16,"column":0},"end":{"line":16,"column":75}},"7":{"start":{"line":17,"column":0},"end":{"line":17,"column":66}},"8":{"start":{"line":40,"column":11},"end":{"line":44,"column":6}},"9":{"start":{"line":116,"column":12},"end":{"line":128,"column":null}},"10":{"start":{"line":117,"column":8},"end":{"line":119,"column":null}},"11":{"start":{"line":118,"column":12},"end":{"line":118,"column":84}},"12":{"start":{"line":121,"column":8},"end":{"line":127,"column":10}},"13":{"start":{"line":53,"column":8},"end":{"line":108,"column":10}},"14":{"start":{"line":136,"column":8},"end":{"line":136,"column":30}},"15":{"start":{"line":145,"column":8},"end":{"line":145,"column":36}},"16":{"start":{"line":154,"column":8},"end":{"line":154,"column":32}},"17":{"start":{"line":161,"column":39},"end":{"line":161,"column":49}},"18":{"start":{"line":162,"column":8},"end":{"line":162,"column":50}},"19":{"start":{"line":35,"column":0},"end":{"line":35,"column":13}},"20":{"start":{"line":169,"column":15},"end":{"line":178,"column":2}},"21":{"start":{"line":184,"column":24},"end":{"line":186,"column":2}},"22":{"start":{"line":184,"column":47},"end":{"line":186,"column":2}},"23":{"start":{"line":192,"column":27},"end":{"line":202,"column":2}},"24":{"start":{"line":192,"column":52},"end":{"line":202,"column":2}},"25":{"start":{"line":200,"column":8},"end":{"line":200,"column":53}},"26":{"start":{"line":205,"column":0},"end":{"line":205,"column":71}}},"fnMap":{"0":{"name":"(anonymous_1)","decl":{"start":{"line":35,"column":0},"end":{"line":35,"column":13}},"loc":{"start":{"line":35,"column":0},"end":{"line":164,"column":1}}},"1":{"name":"(anonymous_2)","decl":{"start":{"line":116,"column":38},"end":{"line":116,"column":39}},"loc":{"start":{"line":116,"column":69},"end":{"line":128,"column":5}}},"2":{"name":"(anonymous_3)","decl":{"start":{"line":51,"column":11},"end":{"line":51,"column":17}},"loc":{"start":{"line":51,"column":17},"end":{"line":109,"column":5}}},"3":{"name":"(anonymous_4)","decl":{"start":{"line":135,"column":12},"end":{"line":135,"column":28}},"loc":{"start":{"line":135,"column":39},"end":{"line":137,"column":5}}},"4":{"name":"(anonymous_5)","decl":{"start":{"line":144,"column":12},"end":{"line":144,"column":34}},"loc":{"start":{"line":144,"column":51},"end":{"line":146,"column":5}}},"5":{"name":"(anonymous_6)","decl":{"start":{"line":153,"column":12},"end":{"line":153,"column":30}},"loc":{"start":{"line":153,"column":43},"end":{"line":155,"column":5}}},"6":{"name":"(anonymous_7)","decl":{"start":{"line":160,"column":12},"end":{"line":160,"column":26}},"loc":{"start":{"line":160,"column":26},"end":{"line":163,"column":5}}},"7":{"name":"(anonymous_8)","decl":{"start":{"line":184,"column":24},"end":{"line":184,"column":25}},"loc":{"start":{"line":184,"column":47},"end":{"line":186,"column":2}}},"8":{"name":"(anonymous_9)","decl":{"start":{"line":192,"column":27},"end":{"line":192,"column":28}},"loc":{"start":{"line":192,"column":52},"end":{"line":202,"column":2}}},"9":{"name":"(anonymous_10)","decl":{"start":{"line":199,"column":4},"end":{"line":199,"column":14}},"loc":{"start":{"line":199,"column":57},"end":{"line":201,"column":5}}}},"branchMap":{"0":{"loc":{"start":{"line":116,"column":60},"end":{"line":116,"column":65}},"type":"default-arg","locations":[{"start":{"line":116,"column":60},"end":{"line":116,"column":65}}]},"1":{"loc":{"start":{"line":117,"column":8},"end":{"line":119,"column":null}},"type":"if","locations":[{"start":{"line":117,"column":8},"end":{"line":119,"column":null}},{"start":{"line":117,"column":8},"end":{"line":119,"column":null}}]},"2":{"loc":{"start":{"line":59,"column":26},"end":{"line":59,"column":89}},"type":"cond-expr","locations":[{"start":{"line":59,"column":26},"end":{"line":59,"column":89}},{"start":{"line":60,"column":26},"end":{"line":60,"column":30}}]},"3":{"loc":{"start":{"line":58,"column":22},"end":{"line":58,"column":53}},"type":"binary-expr","locations":[{"start":{"line":58,"column":22},"end":{"line":58,"column":53}},{"start":{"line":58,"column":57},"end":{"line":58,"column":91}}]},"4":{"loc":{"start":{"line":75,"column":26},"end":{"line":75,"column":102}},"type":"cond-expr","locations":[{"start":{"line":75,"column":26},"end":{"line":75,"column":102}},{"start":{"line":76,"column":26},"end":{"line":76,"column":30}}]},"5":{"loc":{"start":{"line":74,"column":22},"end":{"line":74,"column":53}},"type":"binary-expr","locations":[{"start":{"line":74,"column":22},"end":{"line":74,"column":53}},{"start":{"line":74,"column":57},"end":{"line":74,"column":97}}]},"6":{"loc":{"start":{"line":91,"column":26},"end":{"line":91,"column":93}},"type":"cond-expr","locations":[{"start":{"line":91,"column":26},"end":{"line":91,"column":93}},{"start":{"line":92,"column":26},"end":{"line":92,"column":30}}]},"7":{"loc":{"start":{"line":90,"column":22},"end":{"line":90,"column":53}},"type":"binary-expr","locations":[{"start":{"line":90,"column":22},"end":{"line":90,"column":53}},{"start":{"line":90,"column":57},"end":{"line":90,"column":93}}]}},"s":{"0":2,"1":2,"2":2,"3":2,"4":2,"5":2,"6":2,"7":2,"8":4,"9":4,"10":8,"11":1,"12":7,"13":8,"14":0,"15":0,"16":0,"17":1,"18":1,"19":2,"20":2,"21":2,"22":0,"23":2,"24":0,"25":0,"26":2},"f":{"0":4,"1":8,"2":8,"3":0,"4":0,"5":0,"6":1,"7":0,"8":0,"9":0},"b":{"0":[6],"1":[1,7],"2":[1,7],"3":[8,1],"4":[1,7],"5":[8,1],"6":[1,7],"7":[8,1]}}
,"/Users/onotakuya/Desktop/workspace/develop/onota0318/study_react_native_app/StudyRNAppTS/src/components/ios/card/ElementCardParts.tsx": {"path":"/Users/onotakuya/Desktop/workspace/develop/onota0318/study_react_native_app/StudyRNAppTS/src/components/ios/card/ElementCardParts.tsx","statementMap":{"0":{"start":{"line":8,"column":0},"end":{"line":8,"column":26}},"1":{"start":{"line":9,"column":0},"end":{"line":9,"column":42}},"2":{"start":{"line":10,"column":0},"end":{"line":10,"column":null}},"3":{"start":{"line":37,"column":58},"end":{"line":55,"column":null}},"4":{"start":{"line":38,"column":4},"end":{"line":54,"column":null}},"5":{"start":{"line":61,"column":15},"end":{"line":77,"column":2}},"6":{"start":{"line":79,"column":0},"end":{"line":79,"column":32}}},"fnMap":{"0":{"name":"(anonymous_1)","decl":{"start":{"line":37,"column":58},"end":{"line":37,"column":59}},"loc":{"start":{"line":38,"column":4},"end":{"line":54,"column":null}}}},"branchMap":{},"s":{"0":0,"1":0,"2":0,"3":0,"4":0,"5":0,"6":0},"f":{"0":0},"b":{}}
,"/Users/onotakuya/Desktop/workspace/develop/onota0318/study_react_native_app/StudyRNAppTS/src/components/ios/card/FlatCardList.tsx": {"path":"/Users/onotakuya/Desktop/workspace/develop/onota0318/study_react_native_app/StudyRNAppTS/src/components/ios/card/FlatCardList.tsx","statementMap":{"0":{"start":{"line":8,"column":0},"end":{"line":8,"column":26}},"1":{"start":{"line":9,"column":0},"end":{"line":9,"column":40}},"2":{"start":{"line":10,"column":0},"end":{"line":10,"column":68}},"3":{"start":{"line":22,"column":26},"end":{"line":22,"column":28}},"4":{"start":{"line":23,"column":0},"end":{"line":28,"column":null}},"5":{"start":{"line":23,"column":15},"end":{"line":23,"column":16}},"6":{"start":{"line":24,"column":4},"end":{"line":27,"column":7}},"7":{"start":{"line":35,"column":22},"end":{"line":37,"column":1}},"8":{"start":{"line":36,"column":4},"end":{"line":36,"column":220}},"9":{"start":{"line":44,"column":25},"end":{"line":49,"column":null}},"10":{"start":{"line":45,"column":4},"end":{"line":48,"column":null}},"11":{"start":{"line":57,"column":27},"end":{"line":59,"column":1}},"12":{"start":{"line":58,"column":4},"end":{"line":58,"column":37}},"13":{"start":{"line":64,"column":35},"end":{"line":77,"column":1}},"14":{"start":{"line":66,"column":4},"end":{"line":76,"column":6}},"15":{"start":{"line":79,"column":0},"end":{"line":79,"column":28}}},"fnMap":{"0":{"name":"(anonymous_1)","decl":{"start":{"line":35,"column":22},"end":{"line":35,"column":23}},"loc":{"start":{"line":35,"column":37},"end":{"line":37,"column":1}}},"1":{"name":"(anonymous_2)","decl":{"start":{"line":44,"column":25},"end":{"line":44,"column":26}},"loc":{"start":{"line":45,"column":4},"end":{"line":48,"column":null}}},"2":{"name":"(anonymous_3)","decl":{"start":{"line":57,"column":27},"end":{"line":57,"column":28}},"loc":{"start":{"line":57,"column":52},"end":{"line":59,"column":1}}},"3":{"name":"(anonymous_4)","decl":{"start":{"line":64,"column":35},"end":{"line":64,"column":38}},"loc":{"start":{"line":64,"column":40},"end":{"line":77,"column":1}}}},"branchMap":{},"s":{"0":0,"1":0,"2":0,"3":0,"4":0,"5":0,"6":0,"7":0,"8":0,"9":0,"10":0,"11":0,"12":0,"13":0,"14":0,"15":0},"f":{"0":0,"1":0,"2":0,"3":0},"b":{}}
,"/Users/onotakuya/Desktop/workspace/develop/onota0318/study_react_native_app/StudyRNAppTS/src/components/ios/counter/index.tsx": {"path":"/Users/onotakuya/Desktop/workspace/develop/onota0318/study_react_native_app/StudyRNAppTS/src/components/ios/counter/index.tsx","statementMap":{"0":{"start":{"line":6,"column":0},"end":{"line":6,"column":26}},"1":{"start":{"line":7,"column":0},"end":{"line":7,"column":48}},"2":{"start":{"line":8,"column":0},"end":{"line":8,"column":38}},"3":{"start":{"line":10,"column":0},"end":{"line":10,"column":60}},"4":{"start":{"line":11,"column":0},"end":{"line":11,"column":62}},"5":{"start":{"line":13,"column":0},"end":{"line":13,"column":80}},"6":{"start":{"line":59,"column":8},"end":{"line":59,"column":52}},"7":{"start":{"line":67,"column":33},"end":{"line":71,"column":9}},"8":{"start":{"line":68,"column":12},"end":{"line":70,"column":14}},"9":{"start":{"line":69,"column":16},"end":{"line":69,"column":47}},"10":{"start":{"line":73,"column":33},"end":{"line":77,"column":9}},"11":{"start":{"line":74,"column":12},"end":{"line":76,"column":14}},"12":{"start":{"line":75,"column":16},"end":{"line":75,"column":48}},"13":{"start":{"line":79,"column":35},"end":{"line":83,"column":9}},"14":{"start":{"line":80,"column":12},"end":{"line":82,"column":14}},"15":{"start":{"line":81,"column":16},"end":{"line":81,"column":48}},"16":{"start":{"line":85,"column":8},"end":{"line":103,"column":10}},"17":{"start":{"line":110,"column":15},"end":{"line":120,"column":2}},"18":{"start":{"line":126,"column":24},"end":{"line":128,"column":2}},"19":{"start":{"line":126,"column":47},"end":{"line":128,"column":2}},"20":{"start":{"line":134,"column":27},"end":{"line":141,"column":2}},"21":{"start":{"line":134,"column":52},"end":{"line":141,"column":2}},"22":{"start":{"line":136,"column":8},"end":{"line":136,"column":40}},"23":{"start":{"line":139,"column":8},"end":{"line":139,"column":37}},"24":{"start":{"line":144,"column":0},"end":{"line":144,"column":69}}},"fnMap":{"0":{"name":"(anonymous_1)","decl":{"start":{"line":53,"column":11},"end":{"line":53,"column":32}},"loc":{"start":{"line":56,"column":24},"end":{"line":60,"column":5}}},"1":{"name":"(anonymous_2)","decl":{"start":{"line":65,"column":11},"end":{"line":65,"column":17}},"loc":{"start":{"line":65,"column":17},"end":{"line":104,"column":5}}},"2":{"name":"(anonymous_3)","decl":{"start":{"line":67,"column":33},"end":{"line":67,"column":36}},"loc":{"start":{"line":67,"column":38},"end":{"line":71,"column":9}}},"3":{"name":"(anonymous_4)","decl":{"start":{"line":68,"column":19},"end":{"line":68,"column":22}},"loc":{"start":{"line":68,"column":24},"end":{"line":70,"column":13}}},"4":{"name":"(anonymous_5)","decl":{"start":{"line":73,"column":33},"end":{"line":73,"column":36}},"loc":{"start":{"line":73,"column":38},"end":{"line":77,"column":9}}},"5":{"name":"(anonymous_6)","decl":{"start":{"line":74,"column":19},"end":{"line":74,"column":22}},"loc":{"start":{"line":74,"column":24},"end":{"line":76,"column":13}}},"6":{"name":"(anonymous_7)","decl":{"start":{"line":79,"column":35},"end":{"line":79,"column":38}},"loc":{"start":{"line":79,"column":40},"end":{"line":83,"column":9}}},"7":{"name":"(anonymous_8)","decl":{"start":{"line":80,"column":19},"end":{"line":80,"column":22}},"loc":{"start":{"line":80,"column":24},"end":{"line":82,"column":13}}},"8":{"name":"(anonymous_9)","decl":{"start":{"line":126,"column":24},"end":{"line":126,"column":25}},"loc":{"start":{"line":126,"column":47},"end":{"line":128,"column":2}}},"9":{"name":"(anonymous_10)","decl":{"start":{"line":134,"column":27},"end":{"line":134,"column":28}},"loc":{"start":{"line":134,"column":52},"end":{"line":141,"column":2}}},"10":{"name":"(anonymous_11)","decl":{"start":{"line":135,"column":4},"end":{"line":135,"column":20}},"loc":{"start":{"line":135,"column":34},"end":{"line":137,"column":5}}},"11":{"name":"(anonymous_12)","decl":{"start":{"line":138,"column":4},"end":{"line":138,"column":22}},"loc":{"start":{"line":138,"column":22},"end":{"line":140,"column":5}}}},"branchMap":{},"s":{"0":0,"1":0,"2":0,"3":0,"4":0,"5":0,"6":0,"7":0,"8":0,"9":0,"10":0,"11":0,"12":0,"13":0,"14":0,"15":0,"16":0,"17":0,"18":0,"19":0,"20":0,"21":0,"22":0,"23":0,"24":0},"f":{"0":0,"1":0,"2":0,"3":0,"4":0,"5":0,"6":0,"7":0,"8":0,"9":0,"10":0,"11":0},"b":{}}
,"/Users/onotakuya/Desktop/workspace/develop/onota0318/study_react_native_app/StudyRNAppTS/src/components/ios/screen/CreateScreen.tsx": {"path":"/Users/onotakuya/Desktop/workspace/develop/onota0318/study_react_native_app/StudyRNAppTS/src/components/ios/screen/CreateScreen.tsx","statementMap":{"0":{"start":{"line":8,"column":0},"end":{"line":8,"column":26}},"1":{"start":{"line":9,"column":0},"end":{"line":9,"column":56}},"2":{"start":{"line":12,"column":0},"end":{"line":12,"column":49}},"3":{"start":{"line":17,"column":13},"end":{"line":17,"column":40}},"4":{"start":{"line":22,"column":13},"end":{"line":26,"column":2}},"5":{"start":{"line":23,"column":4},"end":{"line":24,"column":null}},"6":{"start":{"line":31,"column":15},"end":{"line":41,"column":2}}},"fnMap":{"0":{"name":"(anonymous_1)","decl":{"start":{"line":22,"column":42},"end":{"line":22,"column":45}},"loc":{"start":{"line":23,"column":4},"end":{"line":24,"column":null}}}},"branchMap":{},"s":{"0":1,"1":1,"2":1,"3":1,"4":1,"5":0,"6":1},"f":{"0":0},"b":{}}
,"/Users/onotakuya/Desktop/workspace/develop/onota0318/study_react_native_app/StudyRNAppTS/src/components/ios/screen/ReadScreen.tsx": {"path":"/Users/onotakuya/Desktop/workspace/develop/onota0318/study_react_native_app/StudyRNAppTS/src/components/ios/screen/ReadScreen.tsx","statementMap":{"0":{"start":{"line":8,"column":0},"end":{"line":8,"column":26}},"1":{"start":{"line":9,"column":0},"end":{"line":9,"column":56}},"2":{"start":{"line":10,"column":0},"end":{"line":10,"column":33}},"3":{"start":{"line":12,"column":0},"end":{"line":12,"column":60}},"4":{"start":{"line":17,"column":13},"end":{"line":17,"column":38}},"5":{"start":{"line":35,"column":8},"end":{"line":40,"column":10}},"6":{"start":{"line":47,"column":15},"end":{"line":57,"column":2}},"7":{"start":{"line":59,"column":0},"end":{"line":59,"column":26}}},"fnMap":{"0":{"name":"(anonymous_1)","decl":{"start":{"line":34,"column":11},"end":{"line":34,"column":17}},"loc":{"start":{"line":34,"column":17},"end":{"line":41,"column":5}}}},"branchMap":{},"s":{"0":0,"1":0,"2":0,"3":0,"4":0,"5":0,"6":0,"7":0},"f":{"0":0},"b":{}}
,"/Users/onotakuya/Desktop/workspace/develop/onota0318/study_react_native_app/StudyRNAppTS/src/libs/error/ValidationException.ts": {"path":"/Users/onotakuya/Desktop/workspace/develop/onota0318/study_react_native_app/StudyRNAppTS/src/libs/error/ValidationException.ts","statementMap":{"0":{"start":{"line":24,"column":8},"end":{"line":24,"column":21}},"1":{"start":{"line":23,"column":31},"end":{"line":23,"column":61}},"2":{"start":{"line":25,"column":8},"end":{"line":25,"column":67}},"3":{"start":{"line":33,"column":8},"end":{"line":33,"column":29}},"4":{"start":{"line":15,"column":0},"end":{"line":15,"column":13}}},"fnMap":{"0":{"name":"(anonymous_0)","decl":{"start":{"line":23,"column":4},"end":{"line":23,"column":31}},"loc":{"start":{"line":23,"column":77},"end":{"line":26,"column":5}}},"1":{"name":"(anonymous_1)","decl":{"start":{"line":32,"column":4},"end":{"line":32,"column":8}},"loc":{"start":{"line":32,"column":14},"end":{"line":34,"column":5}}}},"branchMap":{},"s":{"0":3,"1":3,"2":3,"3":3,"4":6},"f":{"0":3,"1":3},"b":{}}
,"/Users/onotakuya/Desktop/workspace/develop/onota0318/study_react_native_app/StudyRNAppTS/src/logics/models/Collection.ts": {"path":"/Users/onotakuya/Desktop/workspace/develop/onota0318/study_react_native_app/StudyRNAppTS/src/logics/models/Collection.ts","statementMap":{"0":{"start":{"line":7,"column":0},"end":{"line":7,"column":72}},"1":{"start":{"line":23,"column":8},"end":{"line":23,"column":58}},"2":{"start":{"line":12,"column":0},"end":{"line":12,"column":22}}},"fnMap":{"0":{"name":"(anonymous_1)","decl":{"start":{"line":22,"column":4},"end":{"line":22,"column":18}},"loc":{"start":{"line":22,"column":28},"end":{"line":24,"column":5}}}},"branchMap":{},"s":{"0":6,"1":1,"2":6},"f":{"0":1},"b":{}}
,"/Users/onotakuya/Desktop/workspace/develop/onota0318/study_react_native_app/StudyRNAppTS/src/logics/models/SampleListCollection.ts": {"path":"/Users/onotakuya/Desktop/workspace/develop/onota0318/study_react_native_app/StudyRNAppTS/src/logics/models/SampleListCollection.ts","statementMap":{"0":{"start":{"line":7,"column":0},"end":{"line":7,"column":57}},"1":{"start":{"line":8,"column":0},"end":{"line":8,"column":54}},"2":{"start":{"line":16,"column":14},"end":{"line":16,"column":52}},"3":{"start":{"line":27,"column":19},"end":{"line":27,"column":57}},"4":{"start":{"line":30,"column":8},"end":{"line":36,"column":11}},"5":{"start":{"line":13,"column":0},"end":{"line":13,"column":13}}},"fnMap":{"0":{"name":"(anonymous_1)","decl":{"start":{"line":13,"column":0},"end":{"line":13,"column":13}},"loc":{"start":{"line":13,"column":0},"end":{"line":38,"column":1}}},"1":{"name":"(anonymous_2)","decl":{"start":{"line":25,"column":11},"end":{"line":25,"column":22}},"loc":{"start":{"line":25,"column":65},"end":{"line":37,"column":5}}}},"branchMap":{},"s":{"0":6,"1":6,"2":4,"3":1,"4":1,"5":6},"f":{"0":4,"1":1},"b":{}}
,"/Users/onotakuya/Desktop/workspace/develop/onota0318/study_react_native_app/StudyRNAppTS/src/logics/usecases/RegisterFormUseCase.ts": {"path":"/Users/onotakuya/Desktop/workspace/develop/onota0318/study_react_native_app/StudyRNAppTS/src/logics/usecases/RegisterFormUseCase.ts","statementMap":{"0":{"start":{"line":7,"column":0},"end":{"line":7,"column":52}},"1":{"start":{"line":8,"column":0},"end":{"line":8,"column":94}},"2":{"start":{"line":9,"column":0},"end":{"line":9,"column":74}},"3":{"start":{"line":22,"column":4},"end":{"line":22,"column":null}},"4":{"start":{"line":28,"column":4},"end":{"line":28,"column":null}},"5":{"start":{"line":34,"column":4},"end":{"line":34,"column":null}},"6":{"start":{"line":56,"column":8},"end":{"line":56,"column":79}},"7":{"start":{"line":46,"column":0},"end":{"line":46,"column":13}},"8":{"start":{"line":79,"column":31},"end":{"line":79,"column":63}},"9":{"start":{"line":79,"column":73},"end":{"line":79,"column":86}},"10":{"start":{"line":89,"column":25},"end":{"line":89,"column":36}},"11":{"start":{"line":90,"column":8},"end":{"line":90,"column":40}},"12":{"start":{"line":91,"column":8},"end":{"line":91,"column":46}},"13":{"start":{"line":92,"column":8},"end":{"line":92,"column":42}},"14":{"start":{"line":94,"column":8},"end":{"line":94,"column":24}},"15":{"start":{"line":103,"column":8},"end":{"line":107,"column":10}},"16":{"start":{"line":72,"column":0},"end":{"line":72,"column":13}}},"fnMap":{"0":{"name":"(anonymous_2)","decl":{"start":{"line":55,"column":11},"end":{"line":55,"column":17}},"loc":{"start":{"line":55,"column":38},"end":{"line":57,"column":5}}},"1":{"name":"(anonymous_3)","decl":{"start":{"line":79,"column":4},"end":{"line":79,"column":31}},"loc":{"start":{"line":79,"column":86},"end":{"line":80,"column":5}}},"2":{"name":"(anonymous_4)","decl":{"start":{"line":87,"column":11},"end":{"line":87,"column":19}},"loc":{"start":{"line":87,"column":19},"end":{"line":95,"column":5}}},"3":{"name":"(anonymous_5)","decl":{"start":{"line":101,"column":11},"end":{"line":101,"column":18}},"loc":{"start":{"line":101,"column":18},"end":{"line":108,"column":5}}}},"branchMap":{},"s":{"0":6,"1":6,"2":6,"3":6,"4":6,"5":6,"6":4,"7":6,"8":4,"9":4,"10":4,"11":4,"12":4,"13":4,"14":4,"15":1,"16":6},"f":{"0":4,"1":4,"2":4,"3":1},"b":{}}
,"/Users/onotakuya/Desktop/workspace/develop/onota0318/study_react_native_app/StudyRNAppTS/src/logics/usecases/UseCase.ts": {"path":"/Users/onotakuya/Desktop/workspace/develop/onota0318/study_react_native_app/StudyRNAppTS/src/logics/usecases/UseCase.ts","statementMap":{"0":{"start":{"line":7,"column":0},"end":{"line":7,"column":83}},"1":{"start":{"line":8,"column":0},"end":{"line":8,"column":69}},"2":{"start":{"line":14,"column":0},"end":{"line":14,"column":22}},"3":{"start":{"line":36,"column":18},"end":{"line":36,"column":46}},"4":{"start":{"line":37,"column":4},"end":{"line":39,"column":null}},"5":{"start":{"line":38,"column":8},"end":{"line":38,"column":15}},"6":{"start":{"line":41,"column":21},"end":{"line":41,"column":53}},"7":{"start":{"line":42,"column":4},"end":{"line":42,"column":44}},"8":{"start":{"line":35,"column":0},"end":{"line":35,"column":16}},"9":{"start":{"line":50,"column":39},"end":{"line":50,"column":41}},"10":{"start":{"line":52,"column":4},"end":{"line":56,"column":7}},"11":{"start":{"line":54,"column":8},"end":{"line":55,"column":59}},"12":{"start":{"line":58,"column":4},"end":{"line":58,"column":16}},"13":{"start":{"line":49,"column":0},"end":{"line":49,"column":16}}},"fnMap":{"0":{"name":"validate","decl":{"start":{"line":35,"column":16},"end":{"line":35,"column":24}},"loc":{"start":{"line":35,"column":77},"end":{"line":43,"column":1}}},"1":{"name":"extractValidationMessages","decl":{"start":{"line":49,"column":16},"end":{"line":49,"column":41}},"loc":{"start":{"line":49,"column":67},"end":{"line":59,"column":1}}},"2":{"name":"(anonymous_2)","decl":{"start":{"line":52,"column":19},"end":{"line":52,"column":24}},"loc":{"start":{"line":52,"column":27},"end":{"line":56,"column":5}}}},"branchMap":{"0":{"loc":{"start":{"line":37,"column":4},"end":{"line":39,"column":null}},"type":"if","locations":[{"start":{"line":37,"column":4},"end":{"line":39,"column":null}},{"start":{"line":37,"column":4},"end":{"line":39,"column":null}}]}},"s":{"0":6,"1":6,"2":6,"3":4,"4":4,"5":1,"6":3,"7":3,"8":6,"9":3,"10":3,"11":4,"12":3,"13":6},"f":{"0":4,"1":3,"2":4},"b":{"0":[1,3]}}
,"/Users/onotakuya/Desktop/workspace/develop/onota0318/study_react_native_app/StudyRNAppTS/src/stores/InitializeStore.ts": {"path":"/Users/onotakuya/Desktop/workspace/develop/onota0318/study_react_native_app/StudyRNAppTS/src/stores/InitializeStore.ts","statementMap":{"0":{"start":{"line":6,"column":0},"end":{"line":6,"column":71}},"1":{"start":{"line":7,"column":0},"end":{"line":7,"column":32}},"2":{"start":{"line":8,"column":0},"end":{"line":8,"column":34}},"3":{"start":{"line":9,"column":0},"end":{"line":9,"column":63}},"4":{"start":{"line":11,"column":0},"end":{"line":11,"column":59}},"5":{"start":{"line":12,"column":0},"end":{"line":12,"column":49}},"6":{"start":{"line":25,"column":45},"end":{"line":28,"column":null}},"7":{"start":{"line":34,"column":4},"end":{"line":34,"column":17}},"8":{"start":{"line":23,"column":0},"end":{"line":23,"column":16}}},"fnMap":{"0":{"name":"initializeStore","decl":{"start":{"line":23,"column":16},"end":{"line":23,"column":31}},"loc":{"start":{"line":23,"column":31},"end":{"line":35,"column":1}}}},"branchMap":{},"s":{"0":0,"1":0,"2":0,"3":0,"4":0,"5":0,"6":0,"7":0,"8":0},"f":{"0":0},"b":{}}
,"/Users/onotakuya/Desktop/workspace/develop/onota0318/study_react_native_app/StudyRNAppTS/src/stores/RootReducer.ts": {"path":"/Users/onotakuya/Desktop/workspace/develop/onota0318/study_react_native_app/StudyRNAppTS/src/stores/RootReducer.ts","statementMap":{"0":{"start":{"line":6,"column":0},"end":{"line":6,"column":40}},"1":{"start":{"line":8,"column":0},"end":{"line":8,"column":74}},"2":{"start":{"line":9,"column":0},"end":{"line":9,"column":82}},"3":{"start":{"line":14,"column":13},"end":{"line":17,"column":3}}},"fnMap":{},"branchMap":{},"s":{"0":0,"1":0,"2":0,"3":0},"f":{},"b":{}}
,"/Users/onotakuya/Desktop/workspace/develop/onota0318/study_react_native_app/StudyRNAppTS/src/stores/RootState.ts": {"path":"/Users/onotakuya/Desktop/workspace/develop/onota0318/study_react_native_app/StudyRNAppTS/src/stores/RootState.ts","statementMap":{"0":{"start":{"line":6,"column":0},"end":{"line":6,"column":null}},"1":{"start":{"line":10,"column":0},"end":{"line":10,"column":null}},"2":{"start":{"line":26,"column":13},"end":{"line":29,"column":2}}},"fnMap":{},"branchMap":{},"s":{"0":3,"1":3,"2":3},"f":{},"b":{}}
,"/Users/onotakuya/Desktop/workspace/develop/onota0318/study_react_native_app/StudyRNAppTS/src/stores/InputForm/InputFormAction.ts": {"path":"/Users/onotakuya/Desktop/workspace/develop/onota0318/study_react_native_app/StudyRNAppTS/src/stores/InputForm/InputFormAction.ts","statementMap":{"0":{"start":{"line":9,"column":0},"end":{"line":9,"column":69}},"1":{"start":{"line":10,"column":0},"end":{"line":10,"column":null}},"2":{"start":{"line":18,"column":0},"end":{"line":18,"column":null}},"3":{"start":{"line":22,"column":4},"end":{"line":22,"column":null}},"4":{"start":{"line":27,"column":4},"end":{"line":27,"column":null}},"5":{"start":{"line":32,"column":4},"end":{"line":32,"column":null}},"6":{"start":{"line":37,"column":4},"end":{"line":37,"column":null}},"7":{"start":{"line":55,"column":13},"end":{"line":92,"column":2}},"8":{"start":{"line":56,"column":4},"end":{"line":91,"column":6}},"9":{"start":{"line":59,"column":8},"end":{"line":59,"column":62}},"10":{"start":{"line":63,"column":14},"end":{"line":63,"column":69}},"11":{"start":{"line":65,"column":8},"end":{"line":90,"column":null}},"12":{"start":{"line":66,"column":12},"end":{"line":66,"column":31}},"13":{"start":{"line":67,"column":12},"end":{"line":67,"column":30}},"14":{"start":{"line":69,"column":12},"end":{"line":69,"column":69}},"15":{"start":{"line":72,"column":25},"end":{"line":72,"column":27}},"16":{"start":{"line":75,"column":12},"end":{"line":80,"column":null}},"17":{"start":{"line":76,"column":16},"end":{"line":76,"column":34}},"18":{"start":{"line":79,"column":16},"end":{"line":79,"column":31}},"19":{"start":{"line":82,"column":12},"end":{"line":87,"column":15}},"20":{"start":{"line":89,"column":12},"end":{"line":89,"column":64}}},"fnMap":{"0":{"name":"(anonymous_0)","decl":{"start":{"line":18,"column":0},"end":{"line":18,"column":12}},"loc":{"start":{"line":18,"column":31},"end":{"line":38,"column":1}}},"1":{"name":"(anonymous_1)","decl":{"start":{"line":55,"column":30},"end":{"line":55,"column":31}},"loc":{"start":{"line":55,"column":77},"end":{"line":92,"column":1}}},"2":{"name":"(anonymous_2)","decl":{"start":{"line":56,"column":11},"end":{"line":56,"column":16}},"loc":{"start":{"line":56,"column":57},"end":{"line":91,"column":5}}}},"branchMap":{"0":{"loc":{"start":{"line":18,"column":12},"end":{"line":18,"column":31}},"type":"binary-expr","locations":[{"start":{"line":18,"column":12},"end":{"line":18,"column":31}},{"start":{"line":18,"column":12},"end":{"line":18,"column":null}}]},"1":{"loc":{"start":{"line":75,"column":12},"end":{"line":80,"column":null}},"type":"if","locations":[{"start":{"line":75,"column":12},"end":{"line":80,"column":null}},{"start":{"line":75,"column":12},"end":{"line":80,"column":null}}]}},"s":{"0":6,"1":6,"2":6,"3":6,"4":6,"5":6,"6":6,"7":6,"8":4,"9":4,"10":4,"11":4,"12":4,"13":1,"14":1,"15":3,"16":3,"17":3,"18":0,"19":3,"20":4},"f":{"0":6,"1":4,"2":4},"b":{"0":[6,6],"1":[3,0]}}
,"/Users/onotakuya/Desktop/workspace/develop/onota0318/study_react_native_app/StudyRNAppTS/src/stores/InputForm/InputFormReducer.ts": {"path":"/Users/onotakuya/Desktop/workspace/develop/onota0318/study_react_native_app/StudyRNAppTS/src/stores/InputForm/InputFormReducer.ts","statementMap":{"0":{"start":{"line":7,"column":0},"end":{"line":7,"column":88}},"1":{"start":{"line":8,"column":0},"end":{"line":8,"column":85}},"2":{"start":{"line":14,"column":13},"end":{"line":49,"column":2}},"3":{"start":{"line":17,"column":8},"end":{"line":48,"column":null}},"4":{"start":{"line":19,"column":16},"end":{"line":24,"column":18}},"5":{"start":{"line":27,"column":16},"end":{"line":30,"column":18}},"6":{"start":{"line":33,"column":16},"end":{"line":37,"column":18}},"7":{"start":{"line":40,"column":16},"end":{"line":44,"column":18}},"8":{"start":{"line":47,"column":16},"end":{"line":47,"column":29}}},"fnMap":{"0":{"name":"(anonymous_0)","decl":{"start":{"line":15,"column":6},"end":{"line":15,"column":7}},"loc":{"start":{"line":15,"column":91},"end":{"line":49,"column":1}}}},"branchMap":{"0":{"loc":{"start":{"line":15,"column":31},"end":{"line":15,"column":52}},"type":"default-arg","locations":[{"start":{"line":15,"column":31},"end":{"line":15,"column":52}}]},"1":{"loc":{"start":{"line":18,"column":12},"end":{"line":24,"column":18}},"type":"switch","locations":[{"start":{"line":18,"column":12},"end":{"line":24,"column":18}},{"start":{"line":26,"column":12},"end":{"line":30,"column":18}},{"start":{"line":32,"column":12},"end":{"line":37,"column":18}},{"start":{"line":39,"column":12},"end":{"line":44,"column":18}},{"start":{"line":46,"column":12},"end":{"line":47,"column":29}}]}},"s":{"0":1,"1":1,"2":1,"3":5,"4":1,"5":1,"6":1,"7":1,"8":1},"f":{"0":5},"b":{"0":[5],"1":[1,1,1,1,1]}}
,"/Users/onotakuya/Desktop/workspace/develop/onota0318/study_react_native_app/StudyRNAppTS/src/stores/InputForm/InputFormState.ts": {"path":"/Users/onotakuya/Desktop/workspace/develop/onota0318/study_react_native_app/StudyRNAppTS/src/stores/InputForm/InputFormState.ts","statementMap":{"0":{"start":{"line":36,"column":13},"end":{"line":43,"column":2}}},"fnMap":{},"branchMap":{},"s":{"0":4},"f":{},"b":{}}
,"/Users/onotakuya/Desktop/workspace/develop/onota0318/study_react_native_app/StudyRNAppTS/src/stores/counter/CounterAction.ts": {"path":"/Users/onotakuya/Desktop/workspace/develop/onota0318/study_react_native_app/StudyRNAppTS/src/stores/counter/CounterAction.ts","statementMap":{"0":{"start":{"line":12,"column":0},"end":{"line":12,"column":null}},"1":{"start":{"line":16,"column":4},"end":{"line":16,"column":null}},"2":{"start":{"line":21,"column":4},"end":{"line":21,"column":null}},"3":{"start":{"line":39,"column":13},"end":{"line":48,"column":2}},"4":{"start":{"line":40,"column":4},"end":{"line":47,"column":6}},"5":{"start":{"line":41,"column":8},"end":{"line":46,"column":11}},"6":{"start":{"line":55,"column":13},"end":{"line":64,"column":2}},"7":{"start":{"line":56,"column":4},"end":{"line":63,"column":6}},"8":{"start":{"line":57,"column":8},"end":{"line":62,"column":11}}},"fnMap":{"0":{"name":"(anonymous_0)","decl":{"start":{"line":12,"column":0},"end":{"line":12,"column":12}},"loc":{"start":{"line":12,"column":29},"end":{"line":22,"column":1}}},"1":{"name":"(anonymous_1)","decl":{"start":{"line":39,"column":30},"end":{"line":39,"column":31}},"loc":{"start":{"line":39,"column":46},"end":{"line":48,"column":1}}},"2":{"name":"(anonymous_2)","decl":{"start":{"line":40,"column":11},"end":{"line":40,"column":16}},"loc":{"start":{"line":40,"column":55},"end":{"line":47,"column":5}}},"3":{"name":"(anonymous_3)","decl":{"start":{"line":55,"column":32},"end":{"line":55,"column":35}},"loc":{"start":{"line":55,"column":37},"end":{"line":64,"column":1}}},"4":{"name":"(anonymous_4)","decl":{"start":{"line":56,"column":11},"end":{"line":56,"column":16}},"loc":{"start":{"line":56,"column":55},"end":{"line":63,"column":5}}}},"branchMap":{"0":{"loc":{"start":{"line":12,"column":12},"end":{"line":12,"column":29}},"type":"binary-expr","locations":[{"start":{"line":12,"column":12},"end":{"line":12,"column":29}},{"start":{"line":12,"column":12},"end":{"line":12,"column":null}}]}},"s":{"0":0,"1":0,"2":0,"3":0,"4":0,"5":0,"6":0,"7":0,"8":0},"f":{"0":0,"1":0,"2":0,"3":0,"4":0},"b":{"0":[0,0]}}
,"/Users/onotakuya/Desktop/workspace/develop/onota0318/study_react_native_app/StudyRNAppTS/src/stores/counter/CounterReducer.ts": {"path":"/Users/onotakuya/Desktop/workspace/develop/onota0318/study_react_native_app/StudyRNAppTS/src/stores/counter/CounterReducer.ts","statementMap":{"0":{"start":{"line":7,"column":0},"end":{"line":7,"column":80}},"1":{"start":{"line":8,"column":0},"end":{"line":8,"column":79}},"2":{"start":{"line":14,"column":13},"end":{"line":33,"column":2}},"3":{"start":{"line":17,"column":8},"end":{"line":32,"column":null}},"4":{"start":{"line":19,"column":12},"end":{"line":22,"column":14}},"5":{"start":{"line":25,"column":12},"end":{"line":28,"column":14}},"6":{"start":{"line":31,"column":12},"end":{"line":31,"column":25}}},"fnMap":{"0":{"name":"(anonymous_0)","decl":{"start":{"line":15,"column":6},"end":{"line":15,"column":7}},"loc":{"start":{"line":15,"column":85},"end":{"line":33,"column":1}}}},"branchMap":{"0":{"loc":{"start":{"line":15,"column":29},"end":{"line":15,"column":48}},"type":"default-arg","locations":[{"start":{"line":15,"column":29},"end":{"line":15,"column":48}}]},"1":{"loc":{"start":{"line":18,"column":8},"end":{"line":22,"column":14}},"type":"switch","locations":[{"start":{"line":18,"column":8},"end":{"line":22,"column":14}},{"start":{"line":24,"column":8},"end":{"line":28,"column":14}},{"start":{"line":30,"column":8},"end":{"line":31,"column":25}}]}},"s":{"0":0,"1":0,"2":0,"3":0,"4":0,"5":0,"6":0},"f":{"0":0},"b":{"0":[0],"1":[0,0,0]}}
,"/Users/onotakuya/Desktop/workspace/develop/onota0318/study_react_native_app/StudyRNAppTS/src/stores/counter/CounterState.ts": {"path":"/Users/onotakuya/Desktop/workspace/develop/onota0318/study_react_native_app/StudyRNAppTS/src/stores/counter/CounterState.ts","statementMap":{"0":{"start":{"line":22,"column":13},"end":{"line":24,"column":2}}},"fnMap":{},"branchMap":{},"s":{"0":3},"f":{},"b":{}}
}
