TN:
SF:/Users/onotakuya/Desktop/workspace/develop/onota0318/study_react_native_app/StudyRNAppTS/src/components/android/routes.tsx
FN:42,(anonymous_2)
FN:51,(anonymous_3)
FN:60,(anonymous_4)
FN:69,(anonymous_5)
FN:95,(anonymous_6)
FNF:5
FNH:0
FNDA:0,(anonymous_2)
FNDA:0,(anonymous_3)
FNDA:0,(anonymous_4)
FNDA:0,(anonymous_5)
FNDA:0,(anonymous_6)
DA:7,0
DA:8,0
DA:9,0
DA:10,0
DA:12,0
DA:17,0
DA:19,0
DA:24,0
DA:37,0
DA:43,0
DA:52,0
DA:61,0
DA:70,0
DA:95,0
DA:96,0
DA:108,0
LF:16
LH:0
BRDA:99,0,0,0
BRDA:99,0,1,0
BRF:2
BRH:0
end_of_record
TN:
SF:/Users/onotakuya/Desktop/workspace/develop/onota0318/study_react_native_app/StudyRNAppTS/src/components/android/InputForm/TextInputParts.tsx
FN:31,(anonymous_1)
FNF:1
FNH:0
FNDA:0,(anonymous_1)
DA:8,2
DA:9,2
DA:31,2
DA:32,0
DA:45,2
DA:58,2
LF:6
LH:5
BRF:0
BRH:0
end_of_record
TN:
SF:/Users/onotakuya/Desktop/workspace/develop/onota0318/study_react_native_app/StudyRNAppTS/src/components/android/InputForm/index.tsx
FN:35,(anonymous_1)
FN:116,(anonymous_2)
FN:51,(anonymous_3)
FN:135,(anonymous_4)
FN:144,(anonymous_5)
FN:153,(anonymous_6)
FN:160,(anonymous_7)
FN:184,(anonymous_8)
FN:192,(anonymous_9)
FN:199,(anonymous_10)
FNF:10
FNH:4
FNDA:4,(anonymous_1)
FNDA:8,(anonymous_2)
FNDA:8,(anonymous_3)
FNDA:0,(anonymous_4)
FNDA:0,(anonymous_5)
FNDA:0,(anonymous_6)
FNDA:1,(anonymous_7)
FNDA:0,(anonymous_8)
FNDA:0,(anonymous_9)
FNDA:0,(anonymous_10)
DA:8,2
DA:9,2
DA:10,2
DA:11,2
DA:14,2
DA:15,2
DA:16,2
DA:17,2
DA:35,2
DA:40,4
DA:53,8
DA:116,4
DA:117,8
DA:118,1
DA:121,7
DA:136,0
DA:145,0
DA:154,0
DA:161,1
DA:162,1
DA:169,2
DA:184,2
DA:192,2
DA:200,0
DA:205,2
LF:25
LH:21
BRDA:116,0,0,6
BRDA:117,1,0,1
BRDA:117,1,1,7
BRDA:59,2,0,1
BRDA:59,2,1,7
BRDA:58,3,0,8
BRDA:58,3,1,1
BRDA:75,4,0,1
BRDA:75,4,1,7
BRDA:74,5,0,8
BRDA:74,5,1,1
BRDA:91,6,0,1
BRDA:91,6,1,7
BRDA:90,7,0,8
BRDA:90,7,1,1
BRF:15
BRH:15
end_of_record
TN:
SF:/Users/onotakuya/Desktop/workspace/develop/onota0318/study_react_native_app/StudyRNAppTS/src/components/android/card/FlatCardList.tsx
FN:35,(anonymous_1)
FN:44,(anonymous_2)
FN:57,(anonymous_3)
FN:64,(anonymous_4)
FNF:4
FNH:0
FNDA:0,(anonymous_1)
FNDA:0,(anonymous_2)
FNDA:0,(anonymous_3)
FNDA:0,(anonymous_4)
DA:8,0
DA:9,0
DA:10,0
DA:22,0
DA:23,0
DA:24,0
DA:35,0
DA:36,0
DA:44,0
DA:45,0
DA:57,0
DA:58,0
DA:64,0
DA:66,0
DA:79,0
LF:15
LH:0
BRF:0
BRH:0
end_of_record
TN:
SF:/Users/onotakuya/Desktop/workspace/develop/onota0318/study_react_native_app/StudyRNAppTS/src/components/android/counter/Button.tsx
FN:23,(anonymous_1)
FNF:1
FNH:0
FNDA:0,(anonymous_1)
DA:7,0
DA:8,0
DA:23,0
DA:24,0
LF:4
LH:0
BRF:0
BRH:0
end_of_record
TN:
SF:/Users/onotakuya/Desktop/workspace/develop/onota0318/study_react_native_app/StudyRNAppTS/src/components/android/counter/Value.tsx
FN:23,(anonymous_1)
FNF:1
FNH:0
FNDA:0,(anonymous_1)
DA:7,0
DA:8,0
DA:23,0
DA:24,0
DA:36,0
LF:5
LH:0
BRDA:27,0,0,0
BRDA:27,0,1,0
BRF:2
BRH:0
end_of_record
TN:
SF:/Users/onotakuya/Desktop/workspace/develop/onota0318/study_react_native_app/StudyRNAppTS/src/components/android/screen/CreateScreen.tsx
FN:22,(anonymous_1)
FNF:1
FNH:0
FNDA:0,(anonymous_1)
DA:8,1
DA:9,1
DA:12,1
DA:17,1
DA:22,1
DA:23,0
DA:31,1
LF:7
LH:6
BRF:0
BRH:0
end_of_record
TN:
SF:/Users/onotakuya/Desktop/workspace/develop/onota0318/study_react_native_app/StudyRNAppTS/src/components/android/screen/DeleteScreen.tsx
FN:33,(anonymous_1)
FNF:1
FNH:0
FNDA:0,(anonymous_1)
DA:8,0
DA:10,0
DA:16,0
DA:26,0
DA:34,0
LF:5
LH:0
BRF:0
BRH:0
end_of_record
TN:
SF:/Users/onotakuya/Desktop/workspace/develop/onota0318/study_react_native_app/StudyRNAppTS/src/components/android/screen/UpdateScreen.tsx
FN:33,(anonymous_1)
FNF:1
FNH:0
FNDA:0,(anonymous_1)
DA:8,0
DA:10,0
DA:16,0
DA:26,0
DA:34,0
LF:5
LH:0
BRF:0
BRH:0
end_of_record
TN:
SF:/Users/onotakuya/Desktop/workspace/develop/onota0318/study_react_native_app/StudyRNAppTS/src/components/common/error/ErrorBoundary.tsx
FN:22,(anonymous_1)
FN:30,(anonymous_2)
FNF:2
FNH:0
FNDA:0,(anonymous_1)
FNDA:0,(anonymous_2)
DA:9,0
DA:32,0
DA:36,0
LF:3
LH:0
BRF:0
BRH:0
end_of_record
TN:
SF:/Users/onotakuya/Desktop/workspace/develop/onota0318/study_react_native_app/StudyRNAppTS/src/components/common/header/index.tsx
FN:20,(anonymous_1)
FNF:1
FNH:0
FNDA:0,(anonymous_1)
DA:7,0
DA:8,0
DA:20,0
DA:21,0
LF:4
LH:0
BRDA:26,0,0,0
BRDA:26,0,1,0
BRF:2
BRH:0
end_of_record
TN:
SF:/Users/onotakuya/Desktop/workspace/develop/onota0318/study_react_native_app/StudyRNAppTS/src/components/ios/routes.tsx
FN:42,(anonymous_2)
FN:51,(anonymous_3)
FN:60,(anonymous_4)
FN:69,(anonymous_5)
FN:95,(anonymous_6)
FNF:5
FNH:0
FNDA:0,(anonymous_2)
FNDA:0,(anonymous_3)
FNDA:0,(anonymous_4)
FNDA:0,(anonymous_5)
FNDA:0,(anonymous_6)
DA:7,0
DA:8,0
DA:9,0
DA:10,0
DA:12,0
DA:17,0
DA:19,0
DA:24,0
DA:37,0
DA:43,0
DA:52,0
DA:61,0
DA:70,0
DA:95,0
DA:96,0
DA:108,0
LF:16
LH:0
BRDA:99,0,0,0
BRDA:99,0,1,0
BRF:2
BRH:0
end_of_record
TN:
SF:/Users/onotakuya/Desktop/workspace/develop/onota0318/study_react_native_app/StudyRNAppTS/src/components/ios/InputForm/SubmitButtonParts.tsx
FN:30,(anonymous_1)
FNF:1
FNH:0
FNDA:0,(anonymous_1)
DA:8,4
DA:9,4
DA:10,4
DA:30,4
DA:31,0
DA:45,4
DA:56,4
LF:7
LH:6
BRF:0
BRH:0
end_of_record
TN:
SF:/Users/onotakuya/Desktop/workspace/develop/onota0318/study_react_native_app/StudyRNAppTS/src/components/ios/InputForm/TextAreaParts.tsx
FN:32,(anonymous_1)
FNF:1
FNH:0
FNDA:0,(anonymous_1)
DA:8,4
DA:9,4
DA:10,4
DA:32,4
DA:33,0
DA:47,4
DA:53,4
LF:7
LH:6
BRF:0
BRH:0
end_of_record
TN:
SF:/Users/onotakuya/Desktop/workspace/develop/onota0318/study_react_native_app/StudyRNAppTS/src/components/ios/InputForm/TextInputParts.tsx
FN:31,(anonymous_1)
FNF:1
FNH:0
FNDA:0,(anonymous_1)
DA:8,2
DA:9,2
DA:31,2
DA:32,0
DA:44,2
DA:57,2
LF:6
LH:5
BRF:0
BRH:0
end_of_record
TN:
SF:/Users/onotakuya/Desktop/workspace/develop/onota0318/study_react_native_app/StudyRNAppTS/src/components/ios/InputForm/index.tsx
FN:35,(anonymous_1)
FN:116,(anonymous_2)
FN:51,(anonymous_3)
FN:135,(anonymous_4)
FN:144,(anonymous_5)
FN:153,(anonymous_6)
FN:160,(anonymous_7)
FN:184,(anonymous_8)
FN:192,(anonymous_9)
FN:199,(anonymous_10)
FNF:10
FNH:4
FNDA:4,(anonymous_1)
FNDA:8,(anonymous_2)
FNDA:8,(anonymous_3)
FNDA:0,(anonymous_4)
FNDA:0,(anonymous_5)
FNDA:0,(anonymous_6)
FNDA:1,(anonymous_7)
FNDA:0,(anonymous_8)
FNDA:0,(anonymous_9)
FNDA:0,(anonymous_10)
DA:8,2
DA:9,2
DA:10,2
DA:11,2
DA:14,2
DA:15,2
DA:16,2
DA:17,2
DA:35,2
DA:40,4
DA:53,8
DA:116,4
DA:117,8
DA:118,1
DA:121,7
DA:136,0
DA:145,0
DA:154,0
DA:161,1
DA:162,1
DA:169,2
DA:184,2
DA:192,2
DA:200,0
DA:205,2
LF:25
LH:21
BRDA:116,0,0,6
BRDA:117,1,0,1
BRDA:117,1,1,7
BRDA:59,2,0,1
BRDA:59,2,1,7
BRDA:58,3,0,8
BRDA:58,3,1,1
BRDA:75,4,0,1
BRDA:75,4,1,7
BRDA:74,5,0,8
BRDA:74,5,1,1
BRDA:91,6,0,1
BRDA:91,6,1,7
BRDA:90,7,0,8
BRDA:90,7,1,1
BRF:15
BRH:15
end_of_record
TN:
SF:/Users/onotakuya/Desktop/workspace/develop/onota0318/study_react_native_app/StudyRNAppTS/src/components/ios/card/ElementCardParts.tsx
FN:37,(anonymous_1)
FNF:1
FNH:0
FNDA:0,(anonymous_1)
DA:8,0
DA:9,0
DA:10,0
DA:37,0
DA:38,0
DA:61,0
DA:79,0
LF:7
LH:0
BRF:0
BRH:0
end_of_record
TN:
SF:/Users/onotakuya/Desktop/workspace/develop/onota0318/study_react_native_app/StudyRNAppTS/src/components/ios/card/FlatCardList.tsx
FN:35,(anonymous_1)
FN:44,(anonymous_2)
FN:57,(anonymous_3)
FN:64,(anonymous_4)
FNF:4
FNH:0
FNDA:0,(anonymous_1)
FNDA:0,(anonymous_2)
FNDA:0,(anonymous_3)
FNDA:0,(anonymous_4)
DA:8,0
DA:9,0
DA:10,0
DA:22,0
DA:23,0
DA:24,0
DA:35,0
DA:36,0
DA:44,0
DA:45,0
DA:57,0
DA:58,0
DA:64,0
DA:66,0
DA:79,0
LF:15
LH:0
BRF:0
BRH:0
end_of_record
TN:
SF:/Users/onotakuya/Desktop/workspace/develop/onota0318/study_react_native_app/StudyRNAppTS/src/components/ios/counter/index.tsx
FN:53,(anonymous_1)
FN:65,(anonymous_2)
FN:67,(anonymous_3)
FN:68,(anonymous_4)
FN:73,(anonymous_5)
FN:74,(anonymous_6)
FN:79,(anonymous_7)
FN:80,(anonymous_8)
FN:126,(anonymous_9)
FN:134,(anonymous_10)
FN:135,(anonymous_11)
FN:138,(anonymous_12)
FNF:12
FNH:0
FNDA:0,(anonymous_1)
FNDA:0,(anonymous_2)
FNDA:0,(anonymous_3)
FNDA:0,(anonymous_4)
FNDA:0,(anonymous_5)
FNDA:0,(anonymous_6)
FNDA:0,(anonymous_7)
FNDA:0,(anonymous_8)
FNDA:0,(anonymous_9)
FNDA:0,(anonymous_10)
FNDA:0,(anonymous_11)
FNDA:0,(anonymous_12)
DA:6,0
DA:7,0
DA:8,0
DA:10,0
DA:11,0
DA:13,0
DA:59,0
DA:67,0
DA:68,0
DA:69,0
DA:73,0
DA:74,0
DA:75,0
DA:79,0
DA:80,0
DA:81,0
DA:85,0
DA:110,0
DA:126,0
DA:134,0
DA:136,0
DA:139,0
DA:144,0
LF:23
LH:0
BRF:0
BRH:0
end_of_record
TN:
SF:/Users/onotakuya/Desktop/workspace/develop/onota0318/study_react_native_app/StudyRNAppTS/src/components/ios/screen/CreateScreen.tsx
FN:22,(anonymous_1)
FNF:1
FNH:0
FNDA:0,(anonymous_1)
DA:8,1
DA:9,1
DA:12,1
DA:17,1
DA:22,1
DA:23,0
DA:31,1
LF:7
LH:6
BRF:0
BRH:0
end_of_record
TN:
SF:/Users/onotakuya/Desktop/workspace/develop/onota0318/study_react_native_app/StudyRNAppTS/src/components/ios/screen/ReadScreen.tsx
FN:34,(anonymous_1)
FNF:1
FNH:0
FNDA:0,(anonymous_1)
DA:8,0
DA:9,0
DA:10,0
DA:12,0
DA:17,0
DA:35,0
DA:47,0
DA:59,0
LF:8
LH:0
BRF:0
BRH:0
end_of_record
TN:
SF:/Users/onotakuya/Desktop/workspace/develop/onota0318/study_react_native_app/StudyRNAppTS/src/libs/error/ValidationException.ts
FN:23,(anonymous_0)
FN:32,(anonymous_1)
FNF:2
FNH:2
FNDA:3,(anonymous_0)
FNDA:3,(anonymous_1)
DA:15,6
DA:23,3
DA:24,3
DA:25,3
DA:33,3
LF:5
LH:5
BRF:0
BRH:0
end_of_record
TN:
SF:/Users/onotakuya/Desktop/workspace/develop/onota0318/study_react_native_app/StudyRNAppTS/src/logics/models/Collection.ts
FN:22,(anonymous_1)
FNF:1
FNH:1
FNDA:1,(anonymous_1)
DA:7,6
DA:12,6
DA:23,1
LF:3
LH:3
BRF:0
BRH:0
end_of_record
TN:
SF:/Users/onotakuya/Desktop/workspace/develop/onota0318/study_react_native_app/StudyRNAppTS/src/logics/models/SampleListCollection.ts
FN:13,(anonymous_1)
FN:25,(anonymous_2)
FNF:2
FNH:2
FNDA:4,(anonymous_1)
FNDA:1,(anonymous_2)
DA:7,6
DA:8,6
DA:13,6
DA:16,4
DA:27,1
DA:30,1
LF:6
LH:6
BRF:0
BRH:0
end_of_record
TN:
SF:/Users/onotakuya/Desktop/workspace/develop/onota0318/study_react_native_app/StudyRNAppTS/src/logics/usecases/RegisterFormUseCase.ts
FN:55,(anonymous_2)
FN:79,(anonymous_3)
FN:87,(anonymous_4)
FN:101,(anonymous_5)
FNF:4
FNH:4
FNDA:4,(anonymous_2)
FNDA:4,(anonymous_3)
FNDA:4,(anonymous_4)
FNDA:1,(anonymous_5)
DA:7,6
DA:8,6
DA:9,6
DA:22,6
DA:28,6
DA:34,6
DA:46,6
DA:56,4
DA:72,6
DA:79,4
DA:89,4
DA:90,4
DA:91,4
DA:92,4
DA:94,4
DA:103,1
LF:16
LH:16
BRF:0
BRH:0
end_of_record
TN:
SF:/Users/onotakuya/Desktop/workspace/develop/onota0318/study_react_native_app/StudyRNAppTS/src/logics/usecases/UseCase.ts
FN:35,validate
FN:49,extractValidationMessages
FN:52,(anonymous_2)
FNF:3
FNH:3
FNDA:4,validate
FNDA:3,extractValidationMessages
FNDA:4,(anonymous_2)
DA:7,6
DA:8,6
DA:14,6
DA:35,6
DA:36,4
DA:37,4
DA:38,1
DA:41,3
DA:42,3
DA:49,6
DA:50,3
DA:52,3
DA:54,4
DA:58,3
LF:14
LH:14
BRDA:37,0,0,1
BRDA:37,0,1,3
BRF:2
BRH:2
end_of_record
TN:
SF:/Users/onotakuya/Desktop/workspace/develop/onota0318/study_react_native_app/StudyRNAppTS/src/stores/InitializeStore.ts
FN:23,initializeStore
FNF:1
FNH:0
FNDA:0,initializeStore
DA:6,0
DA:7,0
DA:8,0
DA:9,0
DA:11,0
DA:12,0
DA:23,0
DA:25,0
DA:34,0
LF:9
LH:0
BRF:0
BRH:0
end_of_record
TN:
SF:/Users/onotakuya/Desktop/workspace/develop/onota0318/study_react_native_app/StudyRNAppTS/src/stores/RootReducer.ts
FNF:0
FNH:0
DA:6,0
DA:8,0
DA:9,0
DA:14,0
LF:4
LH:0
BRF:0
BRH:0
end_of_record
TN:
SF:/Users/onotakuya/Desktop/workspace/develop/onota0318/study_react_native_app/StudyRNAppTS/src/stores/RootState.ts
FNF:0
FNH:0
DA:6,3
DA:10,3
DA:26,3
LF:3
LH:3
BRF:0
BRH:0
end_of_record
TN:
SF:/Users/onotakuya/Desktop/workspace/develop/onota0318/study_react_native_app/StudyRNAppTS/src/stores/InputForm/InputFormAction.ts
FN:18,(anonymous_0)
FN:55,(anonymous_1)
FN:56,(anonymous_2)
FNF:3
FNH:3
FNDA:6,(anonymous_0)
FNDA:4,(anonymous_1)
FNDA:4,(anonymous_2)
DA:9,6
DA:10,6
DA:18,6
DA:22,6
DA:27,6
DA:32,6
DA:37,6
DA:55,6
DA:56,4
DA:59,4
DA:63,4
DA:65,4
DA:66,4
DA:67,1
DA:69,1
DA:72,3
DA:75,3
DA:76,3
DA:79,0
DA:82,3
DA:89,4
LF:21
LH:20
BRDA:18,0,0,6
BRDA:18,0,1,6
BRDA:75,1,0,3
BRDA:75,1,1,0
BRF:4
BRH:3
end_of_record
TN:
SF:/Users/onotakuya/Desktop/workspace/develop/onota0318/study_react_native_app/StudyRNAppTS/src/stores/InputForm/InputFormReducer.ts
FN:15,(anonymous_0)
FNF:1
FNH:1
FNDA:5,(anonymous_0)
DA:7,1
DA:8,1
DA:14,1
DA:17,5
DA:19,1
DA:27,1
DA:33,1
DA:40,1
DA:47,1
LF:9
LH:9
BRDA:15,0,0,5
BRDA:18,1,0,1
BRDA:18,1,1,1
BRDA:18,1,2,1
BRDA:18,1,3,1
BRDA:18,1,4,1
BRF:6
BRH:6
end_of_record
TN:
SF:/Users/onotakuya/Desktop/workspace/develop/onota0318/study_react_native_app/StudyRNAppTS/src/stores/InputForm/InputFormState.ts
FNF:0
FNH:0
DA:36,4
LF:1
LH:1
BRF:0
BRH:0
end_of_record
TN:
SF:/Users/onotakuya/Desktop/workspace/develop/onota0318/study_react_native_app/StudyRNAppTS/src/stores/counter/CounterAction.ts
FN:12,(anonymous_0)
FN:39,(anonymous_1)
FN:40,(anonymous_2)
FN:55,(anonymous_3)
FN:56,(anonymous_4)
FNF:5
FNH:0
FNDA:0,(anonymous_0)
FNDA:0,(anonymous_1)
FNDA:0,(anonymous_2)
FNDA:0,(anonymous_3)
FNDA:0,(anonymous_4)
DA:12,0
DA:16,0
DA:21,0
DA:39,0
DA:40,0
DA:41,0
DA:55,0
DA:56,0
DA:57,0
LF:9
LH:0
BRDA:12,0,0,0
BRDA:12,0,1,0
BRF:2
BRH:0
end_of_record
TN:
SF:/Users/onotakuya/Desktop/workspace/develop/onota0318/study_react_native_app/StudyRNAppTS/src/stores/counter/CounterReducer.ts
FN:15,(anonymous_0)
FNF:1
FNH:0
FNDA:0,(anonymous_0)
DA:7,0
DA:8,0
DA:14,0
DA:17,0
DA:19,0
DA:25,0
DA:31,0
LF:7
LH:0
BRDA:15,0,0,0
BRDA:18,1,0,0
BRDA:18,1,1,0
BRDA:18,1,2,0
BRF:4
BRH:0
end_of_record
TN:
SF:/Users/onotakuya/Desktop/workspace/develop/onota0318/study_react_native_app/StudyRNAppTS/src/stores/counter/CounterState.ts
FNF:0
FNH:0
DA:22,3
LF:1
LH:1
BRF:0
BRH:0
end_of_record
